[
  {
    "line": 1,
    "elements": [
      {
        "before": [
          {
            "result": {
              "duration": 20688576800,
              "status": "passed"
            },
            "match": {
              "location": "Hooks.beforescenario()"
            }
          }
        ],
        "line": 13,
        "name": "Launch fb",
        "description": "",
        "id": "title-of-your-feature;launch-fb;;2",
        "after": [
          {
            "result": {
              "duration": 1404286200,
              "status": "passed"
            },
            "match": {
              "location": "Hooks.afterscenario()"
            }
          }
        ],
        "type": "scenario",
        "keyword": "Scenario Outline",
        "steps": [
          {
            "result": {
              "duration": 6395579300,
              "status": "passed"
            },
            "line": 5,
            "name": "Launching chrome browser",
            "match": {
              "location": "facebooksteps.launching_chrome_browser()"
            },
            "keyword": "Given "
          },
          {
            "result": {
              "duration": 22730773400,
              "status": "passed"
            },
            "line": 6,
            "name": "User enters in fb \"http://fb.com\"",
            "match": {
              "arguments": [
                {
                  "val": "\"http://fb.com\"",
                  "offset": 18
                }
              ],
              "location": "facebooksteps.user_enters_in_fb(String)"
            },
            "keyword": "When "
          },
          {
            "result": {
              "error_message": "org.openqa.selenium.NoSuchElementException: no such element: Unable to locate element: {\"method\":\"css selector\",\"selector\":\"#email\"}\n  (Session info: chrome\u003d83.0.4103.61)\nFor documentation on this error, please visit: https://www.seleniumhq.org/exceptions/no_such_element.html\nBuild info: version: \u00273.141.59\u0027, revision: \u0027e82be7d358\u0027, time: \u00272018-11-14T08:17:03\u0027\nSystem info: host: \u0027YUVARAJ\u0027, ip: \u002710.0.75.1\u0027, os.name: \u0027Windows 10\u0027, os.arch: \u0027amd64\u0027, os.version: \u002710.0\u0027, java.version: \u00271.8.0_181\u0027\nDriver info: org.openqa.selenium.chrome.ChromeDriver\nCapabilities {acceptInsecureCerts: false, browserName: chrome, browserVersion: 83.0.4103.61, chrome: {chromedriverVersion: 83.0.4103.39 (ccbf011cb2d2b..., userDataDir: C:\\Users\\yuvar\\AppData\\Loca...}, goog:chromeOptions: {debuggerAddress: localhost:61330}, javascriptEnabled: true, networkConnectionEnabled: false, pageLoadStrategy: normal, platform: WINDOWS, platformName: WINDOWS, proxy: Proxy(), setWindowRect: true, strictFileInteractability: false, timeouts: {implicit: 0, pageLoad: 300000, script: 30000}, unhandledPromptBehavior: dismiss and notify, webauthn:virtualAuthenticators: true}\nSession ID: 37ed629b00d27770c3b5c46283d4f894\n*** Element info: {Using\u003did, value\u003demail}\r\n\tat sun.reflect.NativeConstructorAccessorImpl.newInstance0(Native Method)\r\n\tat sun.reflect.NativeConstructorAccessorImpl.newInstance(Unknown Source)\r\n\tat sun.reflect.DelegatingConstructorAccessorImpl.newInstance(Unknown Source)\r\n\tat java.lang.reflect.Constructor.newInstance(Unknown Source)\r\n\tat org.openqa.selenium.remote.http.W3CHttpResponseCodec.createException(W3CHttpResponseCodec.java:187)\r\n\tat org.openqa.selenium.remote.http.W3CHttpResponseCodec.decode(W3CHttpResponseCodec.java:122)\r\n\tat org.openqa.selenium.remote.http.W3CHttpResponseCodec.decode(W3CHttpResponseCodec.java:49)\r\n\tat org.openqa.selenium.remote.HttpCommandExecutor.execute(HttpCommandExecutor.java:158)\r\n\tat org.openqa.selenium.remote.service.DriverCommandExecutor.execute(DriverCommandExecutor.java:83)\r\n\tat org.openqa.selenium.remote.RemoteWebDriver.execute(RemoteWebDriver.java:552)\r\n\tat org.openqa.selenium.remote.RemoteWebDriver.findElement(RemoteWebDriver.java:323)\r\n\tat org.openqa.selenium.remote.RemoteWebDriver.findElementById(RemoteWebDriver.java:372)\r\n\tat org.openqa.selenium.By$ById.findElement(By.java:188)\r\n\tat org.openqa.selenium.remote.RemoteWebDriver.findElement(RemoteWebDriver.java:315)\r\n\tat org.openqa.selenium.support.pagefactory.DefaultElementLocator.findElement(DefaultElementLocator.java:69)\r\n\tat org.openqa.selenium.support.pagefactory.internal.LocatingElementHandler.invoke(LocatingElementHandler.java:38)\r\n\tat com.sun.proxy.$Proxy17.sendKeys(Unknown Source)\r\n\tat org.commonaction.Commonaction.inserttext(Commonaction.java:21)\r\n\tat org.stepdefinition.facebooksteps.user_Enters(facebooksteps.java:86)\r\n\tat ✽.user Enters \"yuvaraj@gamil.com\"(src/main/resources/Feature/amazon.feature:7)\r\n",
              "duration": 1158536000,
              "status": "failed"
            },
            "line": 7,
            "name": "user Enters \"yuvaraj@gamil.com\"",
            "match": {
              "arguments": [
                {
                  "val": "\"yuvaraj@gamil.com\"",
                  "offset": 12
                }
              ],
              "location": "facebooksteps.user_Enters(String)"
            },
            "keyword": "Then "
          },
          {
            "result": {
              "duration": 14000,
              "status": "skipped"
            },
            "line": 8,
            "name": "user Enter \"asddf@12321\"",
            "match": {
              "arguments": [
                {
                  "val": "\"asddf@12321\"",
                  "offset": 11
                }
              ],
              "location": "facebooksteps.user_Enter(String)"
            },
            "keyword": "And "
          },
          {
            "result": {
              "duration": 9400,
              "status": "skipped"
            },
            "line": 9,
            "name": "user click on submit button",
            "match": {
              "location": "facebooksteps.user_click_on_submit_button()"
            },
            "keyword": "Then "
          }
        ],
        "tags": [
          {
            "name": "@tags\u003d\"sanity\""
          }
        ]
      }
    ],
    "name": "Title of your feature",
    "description": "",
    "id": "title-of-your-feature",
    "keyword": "Feature",
    "uri": "src/main/resources/Feature/amazon.feature",
    "tags": []
  },
  {
    "line": 1,
    "elements": [
      {
        "before": [
          {
            "result": {
              "duration": 8300760600,
              "status": "passed"
            },
            "match": {
              "location": "Hooks.beforescenario()"
            }
          }
        ],
        "line": 27,
        "name": "ExcelRead",
        "description": "",
        "id": "title-of-your-feature;excelread",
        "after": [
          {
            "result": {
              "duration": 926857500,
              "status": "passed"
            },
            "match": {
              "location": "Hooks.afterscenario()"
            }
          }
        ],
        "type": "scenario",
        "keyword": "Scenario",
        "steps": [
          {
            "result": {
              "duration": 6963059900,
              "status": "passed"
            },
            "line": 28,
            "name": "Launching chrome browser",
            "match": {
              "location": "facebooksteps.launching_chrome_browser()"
            },
            "keyword": "Given "
          },
          {
            "result": {
              "error_message": "org.openqa.selenium.NoSuchElementException: no such element: Unable to locate element: {\"method\":\"css selector\",\"selector\":\"#email\"}\n  (Session info: chrome\u003d83.0.4103.61)\nFor documentation on this error, please visit: https://www.seleniumhq.org/exceptions/no_such_element.html\nBuild info: version: \u00273.141.59\u0027, revision: \u0027e82be7d358\u0027, time: \u00272018-11-14T08:17:03\u0027\nSystem info: host: \u0027YUVARAJ\u0027, ip: \u002710.0.75.1\u0027, os.name: \u0027Windows 10\u0027, os.arch: \u0027amd64\u0027, os.version: \u002710.0\u0027, java.version: \u00271.8.0_181\u0027\nDriver info: org.openqa.selenium.chrome.ChromeDriver\nCapabilities {acceptInsecureCerts: false, browserName: chrome, browserVersion: 83.0.4103.61, chrome: {chromedriverVersion: 83.0.4103.39 (ccbf011cb2d2b..., userDataDir: C:\\Users\\yuvar\\AppData\\Loca...}, goog:chromeOptions: {debuggerAddress: localhost:61392}, javascriptEnabled: true, networkConnectionEnabled: false, pageLoadStrategy: normal, platform: WINDOWS, platformName: WINDOWS, proxy: Proxy(), setWindowRect: true, strictFileInteractability: false, timeouts: {implicit: 0, pageLoad: 300000, script: 30000}, unhandledPromptBehavior: dismiss and notify, webauthn:virtualAuthenticators: true}\nSession ID: 7138744ff982c8900fa2df96d01dffe3\n*** Element info: {Using\u003did, value\u003demail}\r\n\tat sun.reflect.NativeConstructorAccessorImpl.newInstance0(Native Method)\r\n\tat sun.reflect.NativeConstructorAccessorImpl.newInstance(Unknown Source)\r\n\tat sun.reflect.DelegatingConstructorAccessorImpl.newInstance(Unknown Source)\r\n\tat java.lang.reflect.Constructor.newInstance(Unknown Source)\r\n\tat org.openqa.selenium.remote.http.W3CHttpResponseCodec.createException(W3CHttpResponseCodec.java:187)\r\n\tat org.openqa.selenium.remote.http.W3CHttpResponseCodec.decode(W3CHttpResponseCodec.java:122)\r\n\tat org.openqa.selenium.remote.http.W3CHttpResponseCodec.decode(W3CHttpResponseCodec.java:49)\r\n\tat org.openqa.selenium.remote.HttpCommandExecutor.execute(HttpCommandExecutor.java:158)\r\n\tat org.openqa.selenium.remote.service.DriverCommandExecutor.execute(DriverCommandExecutor.java:83)\r\n\tat org.openqa.selenium.remote.RemoteWebDriver.execute(RemoteWebDriver.java:552)\r\n\tat org.openqa.selenium.remote.RemoteWebDriver.findElement(RemoteWebDriver.java:323)\r\n\tat org.openqa.selenium.remote.RemoteWebDriver.findElementById(RemoteWebDriver.java:372)\r\n\tat org.openqa.selenium.By$ById.findElement(By.java:188)\r\n\tat org.openqa.selenium.remote.RemoteWebDriver.findElement(RemoteWebDriver.java:315)\r\n\tat org.openqa.selenium.support.pagefactory.DefaultElementLocator.findElement(DefaultElementLocator.java:69)\r\n\tat org.openqa.selenium.support.pagefactory.internal.LocatingElementHandler.invoke(LocatingElementHandler.java:38)\r\n\tat com.sun.proxy.$Proxy17.sendKeys(Unknown Source)\r\n\tat org.commonaction.Commonaction.inserttext(Commonaction.java:21)\r\n\tat org.stepdefinition.facebooksteps.user_enter_username_from(facebooksteps.java:98)\r\n\tat ✽.user enter username from \"yuvraj.xlsx\"(src/main/resources/Feature/facebook.feature:29)\r\n",
              "duration": 27856000,
              "status": "failed"
            },
            "line": 29,
            "name": "user enter username from \"yuvraj.xlsx\"",
            "match": {
              "arguments": [
                {
                  "val": "\"yuvraj.xlsx\"",
                  "offset": 25
                }
              ],
              "location": "facebooksteps.user_enter_username_from(String)"
            },
            "keyword": "And "
          }
        ]
      }
    ],
    "name": "Title of your feature",
    "description": "",
    "id": "title-of-your-feature",
    "keyword": "Feature",
    "uri": "src/main/resources/Feature/facebook.feature",
    "tags": []
  }
]